<?xml version="1.0" encoding="UTF-8"?>
<testng-results ignored="0" total="1" passed="1" failed="0" skipped="0">
  <reporter-output>
  </reporter-output>
  <suite started-at="2024-11-08T11:17:32 IST" name="Default suite" finished-at="2024-11-08T11:17:33 IST" duration-ms="891">
    <groups>
    </groups>
    <test started-at="2024-11-08T11:17:32 IST" name="Default test" finished-at="2024-11-08T11:17:33 IST" duration-ms="891">
      <class name="ExtentReports.ToLearnExtentReports">
        <test-method signature="report()[pri:0, instance:ExtentReports.ToLearnExtentReports@2d52216b]" started-at="2024-11-08T11:17:32 IST" name="report" finished-at="2024-11-08T11:17:33 IST" duration-ms="833" status="PASS">
          <reporter-output>
          </reporter-output>
        </test-method> <!-- report -->
      </class> <!-- ExtentReports.ToLearnExtentReports -->
    </test> <!-- Default test -->
  </suite> <!-- Default suite -->
</testng-results>
