<?xml version="1.0" encoding="UTF-8"?>
<!-- Generated by org.testng.reporters.JUnitXMLReporter -->
<testsuite ignored="0" hostname="Manikandan" failures="1" tests="10" name="Surefire test" time="101.775" errors="0" timestamp="2024-11-08T11:22:09 IST">
  <testcase classname="BikesAssignment55.BajajTest" name="bajaj" time="13.297"/>
  <testcase classname="BikesAssignment55.DucatiTest" name="ducati" time="7.242"/>
  <testcase classname="BikesAssignment55.KtmTest" name="ktm" time="32.239"/>
  <testcase classname="BikesAssignment55.YamahaTest" name="yamaha" time="10.103"/>
  <testcase classname="CarsAssignment54.AudiTest" name="audi" time="10.799"/>
  <testcase classname="CarsAssignment54.FerrariTest" name="Ferrari" time="8.383"/>
  <testcase classname="CarsAssignment54.LamborginiTest" name="lamborgini" time="9.251"/>
  <testcase classname="CarsAssignment54.TataMotorsTest" name="tata" time="6.951"/>
  <testcase classname="SampleTest" name="Demo" time="0.003"/>
  <testcase classname="ToLearnMavenParameterTest" name="mavenParameter" time="3.418">
    <failure type="java.lang.NullPointerException">
      <![CDATA[java.lang.NullPointerException
at java.base/java.util.Objects.requireNonNull(Objects.java:233)
at java.base/java.util.ImmutableCollections$Map1.<init>(ImmutableCollections.java:1112)
at java.base/java.util.Map.of(Map.java:1365)
at org.openqa.selenium.remote.DriverCommand.GET(DriverCommand.java:180)
at org.openqa.selenium.remote.RemoteWebDriver.get(RemoteWebDriver.java:301)
at ToLearnMavenParameterTest.mavenParameter(ToLearnMavenParameterTest.java:23)
at java.base/java.util.ArrayList.forEach(ArrayList.java:1596)
... Removed 30 stack frames]]>
    </failure>
  </testcase> <!-- mavenParameter -->
</testsuite> <!-- Surefire test -->
