<?xml version="1.0" encoding="UTF-8"?>
<!-- Generated by org.testng.reporters.JUnitXMLReporter -->
<testsuite ignored="0" hostname="Manikandan" failures="0" tests="4" name="Test" time="12.046" errors="0" timestamp="2024-11-06T09:18:43 IST">
  <testcase classname="CarsAssignment54.LamborginiTest" name="lamborgini" time="5.971"/>
  <testcase classname="CarsAssignment54.FerrariTest" name="Ferrari" time="7.385"/>
  <testcase classname="CarsAssignment54.TataMotorsTest" name="tata" time="9.442"/>
  <testcase classname="CarsAssignment54.AudiTest" name="audi" time="11.923"/>
</testsuite> <!-- Test -->
